<?xml version="1.0" encoding="UTF-8"?>
<testng-results ignored="0" total="1" passed="1" failed="0" skipped="0">
  <reporter-output>
  </reporter-output>
  <suite started-at="2023-01-04T17:26:24 IST" name="Default suite" finished-at="2023-01-04T17:26:26 IST" duration-ms="2349">
    <groups>
    </groups>
    <test started-at="2023-01-04T17:26:24 IST" name="Default test" finished-at="2023-01-04T17:26:26 IST" duration-ms="2349">
      <class name="end2EndScenario.GetSingleProjectTest">
        <test-method is-config="true" signature="bsConfig()[pri:0, instance:end2EndScenario.GetSingleProjectTest@c88a337]" started-at="2023-01-04T17:26:23 IST" name="bsConfig" finished-at="2023-01-04T17:26:24 IST" duration-ms="1258" status="PASS">
          <reporter-output>
          </reporter-output>
        </test-method> <!-- bsConfig -->
        <test-method signature="getSingleProject()[pri:0, instance:end2EndScenario.GetSingleProjectTest@c88a337]" started-at="2023-01-04T17:26:24 IST" name="getSingleProject" finished-at="2023-01-04T17:26:26 IST" duration-ms="2281" status="PASS">
          <reporter-output>
          </reporter-output>
        </test-method> <!-- getSingleProject -->
        <test-method is-config="true" signature="asConfig()[pri:0, instance:end2EndScenario.GetSingleProjectTest@c88a337]" started-at="2023-01-04T17:26:26 IST" name="asConfig" finished-at="2023-01-04T17:26:26 IST" duration-ms="18" status="PASS">
          <reporter-output>
          </reporter-output>
        </test-method> <!-- asConfig -->
      </class> <!-- end2EndScenario.GetSingleProjectTest -->
    </test> <!-- Default test -->
  </suite> <!-- Default suite -->
</testng-results>
